<?xml version="1.0" encoding="UTF-8"?>
<coverage generated="1678702303104" clover="3.2.0">
  <project timestamp="1678702303104" name="All files">
    <metrics statements="13" coveredstatements="13" conditionals="58" coveredconditionals="26" methods="3" coveredmethods="3" elements="74" coveredelements="42" complexity="0" loc="13" ncloc="13" packages="2" files="2" classes="2"/>
    <package name="components.user">
      <metrics statements="9" coveredstatements="9" conditionals="11" coveredconditionals="6" methods="2" coveredmethods="2"/>
      <file name="UHome.jsx" path="/home/asplap3277/Desktop/lms-backup/Library-MS/src/components/user/UHome.jsx">
        <metrics statements="9" coveredstatements="9" conditionals="11" coveredconditionals="6" methods="2" coveredmethods="2"/>
        <line num="5" count="3" type="stmt"/>
        <line num="6" count="1" type="cond" truecount="1" falsecount="1"/>
        <line num="9" count="1" type="cond" truecount="1" falsecount="1"/>
        <line num="13" count="1" type="stmt"/>
        <line num="15" count="1" type="stmt"/>
        <line num="16" count="1" type="stmt"/>
        <line num="17" count="1" type="cond" truecount="3" falsecount="1"/>
        <line num="18" count="1" type="stmt"/>
        <line num="22" count="1" type="cond" truecount="1" falsecount="2"/>
      </file>
    </package>
    <package name="routing">
      <metrics statements="4" coveredstatements="4" conditionals="47" coveredconditionals="20" methods="1" coveredmethods="1"/>
      <file name="Routing.jsx" path="/home/asplap3277/Desktop/lms-backup/Library-MS/src/routing/Routing.jsx">
        <metrics statements="4" coveredstatements="4" conditionals="47" coveredconditionals="20" methods="1" coveredmethods="1"/>
        <line num="22" count="2" type="stmt"/>
        <line num="23" count="1" type="cond" truecount="1" falsecount="1"/>
        <line num="26" count="1" type="cond" truecount="1" falsecount="1"/>
        <line num="30" count="1" type="stmt"/>
      </file>
    </package>
  </project>
</coverage>
