{"/home/asplap3277/Desktop/lms-backup/Library-MS/src/components/admin/pages/books/AddBooks.jsx": {"path":"/home/asplap3277/Desktop/lms-backup/Library-MS/src/components/admin/pages/books/AddBooks.jsx","statementMap":{"0":{"start":{"line":7,"column":17},"end":{"line":138,"column":1}},"1":{"start":{"line":8,"column":25},"end":{"line":10,"column":11}},"2":{"start":{"line":11,"column":18},"end":{"line":13,"column":11}},"3":{"start":{"line":15,"column":19},"end":{"line":15,"column":32}},"4":{"start":{"line":16,"column":34},"end":{"line":16,"column":46}},"5":{"start":{"line":17,"column":38},"end":{"line":17,"column":50}},"6":{"start":{"line":18,"column":40},"end":{"line":18,"column":52}},"7":{"start":{"line":19,"column":34},"end":{"line":19,"column":46}},"8":{"start":{"line":20,"column":28},"end":{"line":20,"column":40}},"9":{"start":{"line":21,"column":24},"end":{"line":21,"column":36}},"10":{"start":{"line":22,"column":26},"end":{"line":22,"column":38}},"11":{"start":{"line":24,"column":23},"end":{"line":51,"column":3}},"12":{"start":{"line":25,"column":17},"end":{"line":32,"column":5}},"13":{"start":{"line":34,"column":4},"end":{"line":34,"column":23}},"14":{"start":{"line":36,"column":4},"end":{"line":50,"column":32}},"15":{"start":{"line":38,"column":8},"end":{"line":38,"column":26}},"16":{"start":{"line":39,"column":8},"end":{"line":39,"column":24}},"17":{"start":{"line":40,"column":8},"end":{"line":40,"column":26}},"18":{"start":{"line":41,"column":8},"end":{"line":41,"column":27}},"19":{"start":{"line":42,"column":8},"end":{"line":42,"column":24}},"20":{"start":{"line":43,"column":8},"end":{"line":43,"column":21}},"21":{"start":{"line":44,"column":8},"end":{"line":44,"column":18}},"22":{"start":{"line":45,"column":8},"end":{"line":45,"column":36}},"23":{"start":{"line":48,"column":8},"end":{"line":48,"column":30}},"24":{"start":{"line":52,"column":2},"end":{"line":137,"column":4}},"25":{"start":{"line":69,"column":35},"end":{"line":69,"column":62}},"26":{"start":{"line":81,"column":35},"end":{"line":81,"column":64}},"27":{"start":{"line":89,"column":38},"end":{"line":89,"column":60}},"28":{"start":{"line":99,"column":35},"end":{"line":99,"column":65}},"29":{"start":{"line":111,"column":35},"end":{"line":111,"column":62}},"30":{"start":{"line":123,"column":35},"end":{"line":123,"column":59}},"31":{"start":{"line":129,"column":63},"end":{"line":129,"column":75}}},"fnMap":{"0":{"name":"(anonymous_0)","decl":{"start":{"line":7,"column":17},"end":{"line":7,"column":18}},"loc":{"start":{"line":7,"column":23},"end":{"line":138,"column":1}},"line":7},"1":{"name":"(anonymous_1)","decl":{"start":{"line":24,"column":23},"end":{"line":24,"column":24}},"loc":{"start":{"line":24,"column":30},"end":{"line":51,"column":3}},"line":24},"2":{"name":"(anonymous_2)","decl":{"start":{"line":37,"column":12},"end":{"line":37,"column":13}},"loc":{"start":{"line":37,"column":21},"end":{"line":46,"column":7}},"line":37},"3":{"name":"(anonymous_3)","decl":{"start":{"line":47,"column":13},"end":{"line":47,"column":14}},"loc":{"start":{"line":47,"column":22},"end":{"line":49,"column":7}},"line":47},"4":{"name":"(anonymous_4)","decl":{"start":{"line":69,"column":28},"end":{"line":69,"column":29}},"loc":{"start":{"line":69,"column":35},"end":{"line":69,"column":62}},"line":69},"5":{"name":"(anonymous_5)","decl":{"start":{"line":81,"column":28},"end":{"line":81,"column":29}},"loc":{"start":{"line":81,"column":35},"end":{"line":81,"column":64}},"line":81},"6":{"name":"(anonymous_6)","decl":{"start":{"line":89,"column":33},"end":{"line":89,"column":34}},"loc":{"start":{"line":89,"column":38},"end":{"line":89,"column":60}},"line":89},"7":{"name":"(anonymous_7)","decl":{"start":{"line":99,"column":28},"end":{"line":99,"column":29}},"loc":{"start":{"line":99,"column":35},"end":{"line":99,"column":65}},"line":99},"8":{"name":"(anonymous_8)","decl":{"start":{"line":111,"column":28},"end":{"line":111,"column":29}},"loc":{"start":{"line":111,"column":35},"end":{"line":111,"column":62}},"line":111},"9":{"name":"(anonymous_9)","decl":{"start":{"line":123,"column":28},"end":{"line":123,"column":29}},"loc":{"start":{"line":123,"column":35},"end":{"line":123,"column":59}},"line":123},"10":{"name":"(anonymous_10)","decl":{"start":{"line":129,"column":57},"end":{"line":129,"column":58}},"loc":{"start":{"line":129,"column":63},"end":{"line":129,"column":75}},"line":129}},"branchMap":{"0":{"loc":{"start":{"line":8,"column":25},"end":{"line":10,"column":11}},"type":"cond-expr","locations":[{"start":{"line":9,"column":6},"end":{"line":9,"column":46}},{"start":{"line":10,"column":6},"end":{"line":10,"column":11}}],"line":8},"1":{"loc":{"start":{"line":11,"column":18},"end":{"line":13,"column":11}},"type":"cond-expr","locations":[{"start":{"line":12,"column":6},"end":{"line":12,"column":39}},{"start":{"line":13,"column":6},"end":{"line":13,"column":11}}],"line":11},"2":{"loc":{"start":{"line":56,"column":7},"end":{"line":135,"column":7}},"type":"binary-expr","locations":[{"start":{"line":56,"column":7},"end":{"line":56,"column":21}},{"start":{"line":56,"column":25},"end":{"line":56,"column":32}},{"start":{"line":57,"column":8},"end":{"line":134,"column":11}}],"line":56}},"s":{"0":3,"1":2,"2":2,"3":2,"4":2,"5":2,"6":2,"7":2,"8":2,"9":2,"10":2,"11":2,"12":0,"13":0,"14":0,"15":0,"16":0,"17":0,"18":0,"19":0,"20":0,"21":0,"22":0,"23":0,"24":2,"25":0,"26":0,"27":0,"28":0,"29":0,"30":0,"31":0},"f":{"0":2,"1":0,"2":0,"3":0,"4":0,"5":0,"6":0,"7":0,"8":0,"9":0,"10":0},"b":{"0":[0,2],"1":[0,2],"2":[2,0,0]},"_coverageSchema":"1a1c01bbd47fc00a2c39e90264f33305004495a9","hash":"0152d7f3b00c2a89bb198ba410c3d370937a6e36"}
,"/home/asplap3277/Desktop/lms-backup/Library-MS/src/components/admin/pages/books/EditBooks.jsx": {"path":"/home/asplap3277/Desktop/lms-backup/Library-MS/src/components/admin/pages/books/EditBooks.jsx","statementMap":{"0":{"start":{"line":7,"column":18},"end":{"line":150,"column":1}},"1":{"start":{"line":8,"column":19},"end":{"line":8,"column":32}},"2":{"start":{"line":9,"column":34},"end":{"line":9,"column":46}},"3":{"start":{"line":10,"column":38},"end":{"line":10,"column":50}},"4":{"start":{"line":11,"column":40},"end":{"line":11,"column":52}},"5":{"start":{"line":12,"column":34},"end":{"line":12,"column":46}},"6":{"start":{"line":13,"column":24},"end":{"line":13,"column":36}},"7":{"start":{"line":14,"column":28},"end":{"line":14,"column":40}},"8":{"start":{"line":16,"column":17},"end":{"line":16,"column":28}},"9":{"start":{"line":18,"column":2},"end":{"line":20,"column":8}},"10":{"start":{"line":19,"column":4},"end":{"line":19,"column":10}},"11":{"start":{"line":22,"column":14},"end":{"line":37,"column":3}},"12":{"start":{"line":23,"column":4},"end":{"line":36,"column":9}},"13":{"start":{"line":25,"column":8},"end":{"line":32,"column":10}},"14":{"start":{"line":35,"column":8},"end":{"line":35,"column":25}},"15":{"start":{"line":38,"column":23},"end":{"line":58,"column":3}},"16":{"start":{"line":39,"column":17},"end":{"line":46,"column":5}},"17":{"start":{"line":48,"column":4},"end":{"line":57,"column":9}},"18":{"start":{"line":50,"column":8},"end":{"line":50,"column":31}},"19":{"start":{"line":51,"column":8},"end":{"line":51,"column":14}},"20":{"start":{"line":52,"column":8},"end":{"line":52,"column":38}},"21":{"start":{"line":53,"column":8},"end":{"line":53,"column":27}},"22":{"start":{"line":56,"column":8},"end":{"line":56,"column":30}},"23":{"start":{"line":60,"column":2},"end":{"line":149,"column":4}},"24":{"start":{"line":85,"column":31},"end":{"line":85,"column":58}},"25":{"start":{"line":95,"column":31},"end":{"line":95,"column":61}},"26":{"start":{"line":106,"column":31},"end":{"line":106,"column":60}},"27":{"start":{"line":114,"column":38},"end":{"line":114,"column":60}},"28":{"start":{"line":125,"column":31},"end":{"line":125,"column":58}},"29":{"start":{"line":136,"column":31},"end":{"line":136,"column":55}},"30":{"start":{"line":143,"column":59},"end":{"line":143,"column":71}}},"fnMap":{"0":{"name":"(anonymous_0)","decl":{"start":{"line":7,"column":18},"end":{"line":7,"column":19}},"loc":{"start":{"line":7,"column":24},"end":{"line":150,"column":1}},"line":7},"1":{"name":"(anonymous_1)","decl":{"start":{"line":18,"column":12},"end":{"line":18,"column":13}},"loc":{"start":{"line":18,"column":18},"end":{"line":20,"column":3}},"line":18},"2":{"name":"(anonymous_2)","decl":{"start":{"line":22,"column":14},"end":{"line":22,"column":15}},"loc":{"start":{"line":22,"column":20},"end":{"line":37,"column":3}},"line":22},"3":{"name":"(anonymous_3)","decl":{"start":{"line":24,"column":12},"end":{"line":24,"column":13}},"loc":{"start":{"line":24,"column":22},"end":{"line":33,"column":7}},"line":24},"4":{"name":"(anonymous_4)","decl":{"start":{"line":34,"column":13},"end":{"line":34,"column":14}},"loc":{"start":{"line":34,"column":22},"end":{"line":36,"column":7}},"line":34},"5":{"name":"(anonymous_5)","decl":{"start":{"line":38,"column":23},"end":{"line":38,"column":24}},"loc":{"start":{"line":38,"column":29},"end":{"line":58,"column":3}},"line":38},"6":{"name":"(anonymous_6)","decl":{"start":{"line":49,"column":12},"end":{"line":49,"column":13}},"loc":{"start":{"line":49,"column":22},"end":{"line":54,"column":7}},"line":49},"7":{"name":"(anonymous_7)","decl":{"start":{"line":55,"column":13},"end":{"line":55,"column":14}},"loc":{"start":{"line":55,"column":22},"end":{"line":57,"column":7}},"line":55},"8":{"name":"(anonymous_8)","decl":{"start":{"line":85,"column":24},"end":{"line":85,"column":25}},"loc":{"start":{"line":85,"column":31},"end":{"line":85,"column":58}},"line":85},"9":{"name":"(anonymous_9)","decl":{"start":{"line":95,"column":24},"end":{"line":95,"column":25}},"loc":{"start":{"line":95,"column":31},"end":{"line":95,"column":61}},"line":95},"10":{"name":"(anonymous_10)","decl":{"start":{"line":106,"column":24},"end":{"line":106,"column":25}},"loc":{"start":{"line":106,"column":31},"end":{"line":106,"column":60}},"line":106},"11":{"name":"(anonymous_11)","decl":{"start":{"line":114,"column":33},"end":{"line":114,"column":34}},"loc":{"start":{"line":114,"column":38},"end":{"line":114,"column":60}},"line":114},"12":{"name":"(anonymous_12)","decl":{"start":{"line":125,"column":24},"end":{"line":125,"column":25}},"loc":{"start":{"line":125,"column":31},"end":{"line":125,"column":58}},"line":125},"13":{"name":"(anonymous_13)","decl":{"start":{"line":136,"column":24},"end":{"line":136,"column":25}},"loc":{"start":{"line":136,"column":31},"end":{"line":136,"column":55}},"line":136},"14":{"name":"(anonymous_14)","decl":{"start":{"line":143,"column":53},"end":{"line":143,"column":54}},"loc":{"start":{"line":143,"column":59},"end":{"line":143,"column":71}},"line":143}},"branchMap":{},"s":{"0":3,"1":2,"2":2,"3":2,"4":2,"5":2,"6":2,"7":2,"8":2,"9":2,"10":2,"11":2,"12":2,"13":0,"14":0,"15":2,"16":0,"17":0,"18":0,"19":0,"20":0,"21":0,"22":0,"23":2,"24":0,"25":0,"26":0,"27":0,"28":0,"29":0,"30":0},"f":{"0":2,"1":2,"2":2,"3":0,"4":0,"5":0,"6":0,"7":0,"8":0,"9":0,"10":0,"11":0,"12":0,"13":0,"14":0},"b":{},"_coverageSchema":"1a1c01bbd47fc00a2c39e90264f33305004495a9","hash":"aba7d491f8b806085b350a7eec39f4fa70238cbb"}
}
