{"/home/asplap3277/Desktop/lms-backup/Library-MS/src/components/user/UHome.jsx": {"path":"/home/asplap3277/Desktop/lms-backup/Library-MS/src/components/user/UHome.jsx","statementMap":{"0":{"start":{"line":5,"column":13},"end":{"line":23,"column":1}},"1":{"start":{"line":6,"column":25},"end":{"line":8,"column":11}},"2":{"start":{"line":9,"column":18},"end":{"line":11,"column":11}},"3":{"start":{"line":13,"column":19},"end":{"line":13,"column":32}},"4":{"start":{"line":15,"column":2},"end":{"line":20,"column":9}},"5":{"start":{"line":16,"column":16},"end":{"line":16,"column":47}},"6":{"start":{"line":17,"column":4},"end":{"line":19,"column":5}},"7":{"start":{"line":18,"column":6},"end":{"line":18,"column":25}},"8":{"start":{"line":22,"column":2},"end":{"line":22,"column":65}}},"fnMap":{"0":{"name":"(anonymous_0)","decl":{"start":{"line":5,"column":13},"end":{"line":5,"column":14}},"loc":{"start":{"line":5,"column":19},"end":{"line":23,"column":1}},"line":5},"1":{"name":"(anonymous_1)","decl":{"start":{"line":15,"column":12},"end":{"line":15,"column":13}},"loc":{"start":{"line":15,"column":18},"end":{"line":20,"column":3}},"line":15}},"branchMap":{"0":{"loc":{"start":{"line":6,"column":25},"end":{"line":8,"column":11}},"type":"cond-expr","locations":[{"start":{"line":7,"column":6},"end":{"line":7,"column":46}},{"start":{"line":8,"column":6},"end":{"line":8,"column":11}}],"line":6},"1":{"loc":{"start":{"line":9,"column":18},"end":{"line":11,"column":11}},"type":"cond-expr","locations":[{"start":{"line":10,"column":6},"end":{"line":10,"column":39}},{"start":{"line":11,"column":6},"end":{"line":11,"column":11}}],"line":9},"2":{"loc":{"start":{"line":17,"column":4},"end":{"line":19,"column":5}},"type":"if","locations":[{"start":{"line":17,"column":4},"end":{"line":19,"column":5}},{"start":{},"end":{}}],"line":17},"3":{"loc":{"start":{"line":17,"column":8},"end":{"line":17,"column":38}},"type":"binary-expr","locations":[{"start":{"line":17,"column":8},"end":{"line":17,"column":20}},{"start":{"line":17,"column":24},"end":{"line":17,"column":38}}],"line":17},"4":{"loc":{"start":{"line":22,"column":15},"end":{"line":22,"column":57}},"type":"binary-expr","locations":[{"start":{"line":22,"column":15},"end":{"line":22,"column":29}},{"start":{"line":22,"column":33},"end":{"line":22,"column":41}},{"start":{"line":22,"column":45},"end":{"line":22,"column":57}}],"line":22}},"s":{"0":3,"1":1,"2":1,"3":1,"4":1,"5":1,"6":1,"7":1,"8":1},"f":{"0":1,"1":1},"b":{"0":[0,1],"1":[0,1],"2":[1,0],"3":[1,1],"4":[1,0,0]},"_coverageSchema":"1a1c01bbd47fc00a2c39e90264f33305004495a9","hash":"3f04fcef60ffb64f9ef0880f2efaf556c123f70c"}
,"/home/asplap3277/Desktop/lms-backup/Library-MS/src/routing/Routing.jsx": {"path":"/home/asplap3277/Desktop/lms-backup/Library-MS/src/routing/Routing.jsx","statementMap":{"0":{"start":{"line":22,"column":16},"end":{"line":88,"column":1}},"1":{"start":{"line":23,"column":25},"end":{"line":25,"column":11}},"2":{"start":{"line":26,"column":18},"end":{"line":28,"column":11}},"3":{"start":{"line":30,"column":2},"end":{"line":87,"column":4}}},"fnMap":{"0":{"name":"(anonymous_0)","decl":{"start":{"line":22,"column":16},"end":{"line":22,"column":17}},"loc":{"start":{"line":22,"column":22},"end":{"line":88,"column":1}},"line":22}},"branchMap":{"0":{"loc":{"start":{"line":23,"column":25},"end":{"line":25,"column":11}},"type":"cond-expr","locations":[{"start":{"line":24,"column":6},"end":{"line":24,"column":46}},{"start":{"line":25,"column":6},"end":{"line":25,"column":11}}],"line":23},"1":{"loc":{"start":{"line":26,"column":18},"end":{"line":28,"column":11}},"type":"cond-expr","locations":[{"start":{"line":27,"column":6},"end":{"line":27,"column":39}},{"start":{"line":28,"column":6},"end":{"line":28,"column":11}}],"line":26},"2":{"loc":{"start":{"line":33,"column":9},"end":{"line":35,"column":9}},"type":"binary-expr","locations":[{"start":{"line":33,"column":9},"end":{"line":33,"column":23}},{"start":{"line":33,"column":27},"end":{"line":33,"column":34}},{"start":{"line":34,"column":10},"end":{"line":34,"column":65}}],"line":33},"3":{"loc":{"start":{"line":36,"column":9},"end":{"line":36,"column":77}},"type":"binary-expr","locations":[{"start":{"line":36,"column":9},"end":{"line":36,"column":24}},{"start":{"line":36,"column":28},"end":{"line":36,"column":77}}],"line":36},"4":{"loc":{"start":{"line":37,"column":9},"end":{"line":39,"column":9}},"type":"binary-expr","locations":[{"start":{"line":37,"column":9},"end":{"line":37,"column":24}},{"start":{"line":38,"column":10},"end":{"line":38,"column":65}}],"line":37},"5":{"loc":{"start":{"line":40,"column":9},"end":{"line":42,"column":9}},"type":"binary-expr","locations":[{"start":{"line":40,"column":9},"end":{"line":40,"column":23}},{"start":{"line":41,"column":10},"end":{"line":41,"column":65}}],"line":40},"6":{"loc":{"start":{"line":45,"column":9},"end":{"line":47,"column":9}},"type":"binary-expr","locations":[{"start":{"line":45,"column":9},"end":{"line":45,"column":23}},{"start":{"line":45,"column":27},"end":{"line":45,"column":34}},{"start":{"line":46,"column":10},"end":{"line":46,"column":67}}],"line":45},"7":{"loc":{"start":{"line":48,"column":9},"end":{"line":50,"column":9}},"type":"binary-expr","locations":[{"start":{"line":48,"column":9},"end":{"line":48,"column":23}},{"start":{"line":48,"column":27},"end":{"line":48,"column":34}},{"start":{"line":49,"column":10},"end":{"line":49,"column":71}}],"line":48},"8":{"loc":{"start":{"line":51,"column":9},"end":{"line":53,"column":9}},"type":"binary-expr","locations":[{"start":{"line":51,"column":9},"end":{"line":51,"column":23}},{"start":{"line":51,"column":27},"end":{"line":51,"column":35}},{"start":{"line":52,"column":10},"end":{"line":52,"column":61}}],"line":51},"9":{"loc":{"start":{"line":55,"column":9},"end":{"line":57,"column":9}},"type":"binary-expr","locations":[{"start":{"line":55,"column":9},"end":{"line":55,"column":23}},{"start":{"line":55,"column":27},"end":{"line":55,"column":35}},{"start":{"line":56,"column":10},"end":{"line":56,"column":65}}],"line":55},"10":{"loc":{"start":{"line":59,"column":9},"end":{"line":61,"column":9}},"type":"binary-expr","locations":[{"start":{"line":59,"column":9},"end":{"line":59,"column":23}},{"start":{"line":59,"column":27},"end":{"line":59,"column":34}},{"start":{"line":60,"column":10},"end":{"line":60,"column":57}}],"line":59},"11":{"loc":{"start":{"line":62,"column":9},"end":{"line":64,"column":9}},"type":"binary-expr","locations":[{"start":{"line":62,"column":9},"end":{"line":62,"column":23}},{"start":{"line":62,"column":27},"end":{"line":62,"column":35}},{"start":{"line":63,"column":10},"end":{"line":63,"column":64}}],"line":62},"12":{"loc":{"start":{"line":65,"column":9},"end":{"line":67,"column":9}},"type":"binary-expr","locations":[{"start":{"line":65,"column":9},"end":{"line":65,"column":23}},{"start":{"line":65,"column":27},"end":{"line":65,"column":34}},{"start":{"line":66,"column":10},"end":{"line":66,"column":69}}],"line":65},"13":{"loc":{"start":{"line":68,"column":9},"end":{"line":70,"column":9}},"type":"binary-expr","locations":[{"start":{"line":68,"column":9},"end":{"line":68,"column":23}},{"start":{"line":68,"column":27},"end":{"line":68,"column":35}},{"start":{"line":69,"column":10},"end":{"line":69,"column":79}}],"line":68},"14":{"loc":{"start":{"line":71,"column":9},"end":{"line":73,"column":9}},"type":"binary-expr","locations":[{"start":{"line":71,"column":9},"end":{"line":71,"column":23}},{"start":{"line":71,"column":27},"end":{"line":71,"column":34}},{"start":{"line":72,"column":10},"end":{"line":72,"column":69}}],"line":71},"15":{"loc":{"start":{"line":74,"column":9},"end":{"line":76,"column":9}},"type":"binary-expr","locations":[{"start":{"line":74,"column":9},"end":{"line":74,"column":23}},{"start":{"line":74,"column":27},"end":{"line":74,"column":35}},{"start":{"line":75,"column":10},"end":{"line":75,"column":63}}],"line":74},"16":{"loc":{"start":{"line":78,"column":9},"end":{"line":80,"column":9}},"type":"binary-expr","locations":[{"start":{"line":78,"column":9},"end":{"line":78,"column":23}},{"start":{"line":79,"column":10},"end":{"line":79,"column":65}}],"line":78},"17":{"loc":{"start":{"line":82,"column":9},"end":{"line":84,"column":9}},"type":"binary-expr","locations":[{"start":{"line":82,"column":9},"end":{"line":82,"column":23}},{"start":{"line":83,"column":10},"end":{"line":83,"column":69}}],"line":82}},"s":{"0":2,"1":1,"2":1,"3":1},"f":{"0":1},"b":{"0":[0,1],"1":[0,1],"2":[1,0,0],"3":[1,1],"4":[1,1],"5":[1,0],"6":[1,0,0],"7":[1,0,0],"8":[1,0,0],"9":[1,0,0],"10":[1,0,0],"11":[1,0,0],"12":[1,0,0],"13":[1,0,0],"14":[1,0,0],"15":[1,0,0],"16":[1,0],"17":[1,0]},"_coverageSchema":"1a1c01bbd47fc00a2c39e90264f33305004495a9","hash":"68389bb935e64390f3927c24b79da26b00c32629"}
}
