TN:
SF:src/components/admin/pages/books/AddBooks.jsx
FN:7,(anonymous_0)
FN:24,(anonymous_1)
FN:37,(anonymous_2)
FN:47,(anonymous_3)
FN:69,(anonymous_4)
FN:81,(anonymous_5)
FN:89,(anonymous_6)
FN:99,(anonymous_7)
FN:111,(anonymous_8)
FN:123,(anonymous_9)
FN:129,(anonymous_10)
FNF:11
FNH:1
FNDA:2,(anonymous_0)
FNDA:0,(anonymous_1)
FNDA:0,(anonymous_2)
FNDA:0,(anonymous_3)
FNDA:0,(anonymous_4)
FNDA:0,(anonymous_5)
FNDA:0,(anonymous_6)
FNDA:0,(anonymous_7)
FNDA:0,(anonymous_8)
FNDA:0,(anonymous_9)
FNDA:0,(anonymous_10)
DA:7,3
DA:8,2
DA:11,2
DA:15,2
DA:16,2
DA:17,2
DA:18,2
DA:19,2
DA:20,2
DA:21,2
DA:22,2
DA:24,2
DA:25,0
DA:34,0
DA:36,0
DA:38,0
DA:39,0
DA:40,0
DA:41,0
DA:42,0
DA:43,0
DA:44,0
DA:45,0
DA:48,0
DA:52,2
DA:69,0
DA:81,0
DA:89,0
DA:99,0
DA:111,0
DA:123,0
DA:129,0
LF:32
LH:13
BRDA:8,0,0,0
BRDA:8,0,1,2
BRDA:11,1,0,0
BRDA:11,1,1,2
BRDA:56,2,0,2
BRDA:56,2,1,0
BRDA:56,2,2,0
BRF:7
BRH:3
end_of_record
TN:
SF:src/components/admin/pages/books/EditBooks.jsx
FN:7,(anonymous_0)
FN:18,(anonymous_1)
FN:22,(anonymous_2)
FN:24,(anonymous_3)
FN:34,(anonymous_4)
FN:38,(anonymous_5)
FN:49,(anonymous_6)
FN:55,(anonymous_7)
FN:85,(anonymous_8)
FN:95,(anonymous_9)
FN:106,(anonymous_10)
FN:114,(anonymous_11)
FN:125,(anonymous_12)
FN:136,(anonymous_13)
FN:143,(anonymous_14)
FNF:15
FNH:3
FNDA:2,(anonymous_0)
FNDA:2,(anonymous_1)
FNDA:2,(anonymous_2)
FNDA:0,(anonymous_3)
FNDA:0,(anonymous_4)
FNDA:0,(anonymous_5)
FNDA:0,(anonymous_6)
FNDA:0,(anonymous_7)
FNDA:0,(anonymous_8)
FNDA:0,(anonymous_9)
FNDA:0,(anonymous_10)
FNDA:0,(anonymous_11)
FNDA:0,(anonymous_12)
FNDA:0,(anonymous_13)
FNDA:0,(anonymous_14)
DA:7,3
DA:8,2
DA:9,2
DA:10,2
DA:11,2
DA:12,2
DA:13,2
DA:14,2
DA:16,2
DA:18,2
DA:19,2
DA:22,2
DA:23,2
DA:25,0
DA:35,0
DA:38,2
DA:39,0
DA:48,0
DA:50,0
DA:51,0
DA:52,0
DA:53,0
DA:56,0
DA:60,2
DA:85,0
DA:95,0
DA:106,0
DA:114,0
DA:125,0
DA:136,0
DA:143,0
LF:31
LH:15
BRF:0
BRH:0
end_of_record
