TN:
SF:src/components/user/UHome.jsx
FN:5,(anonymous_0)
FN:15,(anonymous_1)
FNF:2
FNH:2
FNDA:1,(anonymous_0)
FNDA:1,(anonymous_1)
DA:5,3
DA:6,1
DA:9,1
DA:13,1
DA:15,1
DA:16,1
DA:17,1
DA:18,1
DA:22,1
LF:9
LH:9
BRDA:6,0,0,0
BRDA:6,0,1,1
BRDA:9,1,0,0
BRDA:9,1,1,1
BRDA:17,2,0,1
BRDA:17,2,1,0
BRDA:17,3,0,1
BRDA:17,3,1,1
BRDA:22,4,0,1
BRDA:22,4,1,0
BRDA:22,4,2,0
BRF:11
BRH:6
end_of_record
TN:
SF:src/routing/Routing.jsx
FN:22,(anonymous_0)
FNF:1
FNH:1
FNDA:1,(anonymous_0)
DA:22,2
DA:23,1
DA:26,1
DA:30,1
LF:4
LH:4
BRDA:23,0,0,0
BRDA:23,0,1,1
BRDA:26,1,0,0
BRDA:26,1,1,1
BRDA:33,2,0,1
BRDA:33,2,1,0
BRDA:33,2,2,0
BRDA:36,3,0,1
BRDA:36,3,1,1
BRDA:37,4,0,1
BRDA:37,4,1,1
BRDA:40,5,0,1
BRDA:40,5,1,0
BRDA:45,6,0,1
BRDA:45,6,1,0
BRDA:45,6,2,0
BRDA:48,7,0,1
BRDA:48,7,1,0
BRDA:48,7,2,0
BRDA:51,8,0,1
BRDA:51,8,1,0
BRDA:51,8,2,0
BRDA:55,9,0,1
BRDA:55,9,1,0
BRDA:55,9,2,0
BRDA:59,10,0,1
BRDA:59,10,1,0
BRDA:59,10,2,0
BRDA:62,11,0,1
BRDA:62,11,1,0
BRDA:62,11,2,0
BRDA:65,12,0,1
BRDA:65,12,1,0
BRDA:65,12,2,0
BRDA:68,13,0,1
BRDA:68,13,1,0
BRDA:68,13,2,0
BRDA:71,14,0,1
BRDA:71,14,1,0
BRDA:71,14,2,0
BRDA:74,15,0,1
BRDA:74,15,1,0
BRDA:74,15,2,0
BRDA:78,16,0,1
BRDA:78,16,1,0
BRDA:82,17,0,1
BRDA:82,17,1,0
BRF:47
BRH:20
end_of_record
